1505679849798	geckodriver	INFO	geckodriver 0.19.0
1505679849802	geckodriver	INFO	Listening on 127.0.0.1:58356
1505679850878	mozrunner::runner	INFO	Running command: "/Applications/Firefox.app/Contents/MacOS/firefox-bin" "-marionette" "-profile" "/var/folders/2l/vptyl1v507zcfqhdfnqvlqxh0000gn/T/rust_mozprofile.qp1i8JtxLLhx"
1505679851417	addons.xpi	WARN	Error parsing extensions state: [Exception... "Component returned failure code: 0x80520012 (NS_ERROR_FILE_NOT_FOUND) [amIAddonManagerStartup.readStartupData]"  nsresult: "0x80520012 (NS_ERROR_FILE_NOT_FOUND)"  location: "JS frame :: resource://gre/modules/addons/XPIProvider.jsm :: loadExtensionState :: line 1596"  data: no] Stack trace: loadExtensionState()@resource://gre/modules/addons/XPIProvider.jsm:1596 < getInstallState()@resource://gre/modules/addons/XPIProvider.jsm:1631 < checkForChanges()@resource://gre/modules/addons/XPIProvider.jsm:3152 < startup()@resource://gre/modules/addons/XPIProvider.jsm:2246 < callProvider()@resource://gre/modules/AddonManager.jsm:271 < _startProvider()@resource://gre/modules/AddonManager.jsm:741 < startup()@resource://gre/modules/AddonManager.jsm:908 < startup()@resource://gre/modules/AddonManager.jsm:3122 < observe()@jar:file:///Applications/Firefox.app/Contents/Resources/omni.ja!/components/addonManager.js:65
1505679851793	Marionette	INFO	Enabled via --marionette
2017-09-17 16:24:13.295 plugin-container[6772:1454631] *** CFMessagePort: bootstrap_register(): failed 1100 (0x44c) 'Permission denied', port = 0xa43b, name = 'com.apple.tsm.portname'
See /usr/include/servers/bootstrap_defs.h for the error codes.
2017-09-17 16:24:13.298 plugin-container[6772:1454631] *** CFMessagePort: bootstrap_register(): failed 1100 (0x44c) 'Permission denied', port = 0xa703, name = 'com.apple.CFPasteboardClient'
See /usr/include/servers/bootstrap_defs.h for the error codes.
1505679853539	Marionette	INFO	Listening on port 58365
1505679853611	Marionette	WARN	TLS certificate errors will be ignored for this session
JavaScript error: chrome://marionette/content/server.js, line 337: NS_ERROR_SOCKET_ADDRESS_IN_USE: Component returned failure code: 0x804b0036 (NS_ERROR_SOCKET_ADDRESS_IN_USE) [nsIServerSocket.initSpecialConnection]
1505679853661	Marionette	DEBUG	loaded listener.js
1505679853686	Marionette	DEBUG	Received DOM event "beforeunload" for "about:blank"
1505679853738	Marionette	DEBUG	Received DOM event "pagehide" for "about:blank"
1505679853739	Marionette	DEBUG	Received DOM event "unload" for "about:blank"
1505679854163	Marionette	DEBUG	Received DOM event "DOMContentLoaded" for "http://localhost:8080/"
1505679854195	Marionette	DEBUG	Received DOM event "pageshow" for "http://localhost:8080/"
1505679856306	Marionette	INFO	New connections will no longer be accepted
1505680516174	geckodriver	INFO	geckodriver 0.19.0
1505680516186	geckodriver	INFO	Listening on 127.0.0.1:58533
1505680517259	mozrunner::runner	INFO	Running command: "/Applications/Firefox.app/Contents/MacOS/firefox-bin" "-marionette" "-profile" "/var/folders/2l/vptyl1v507zcfqhdfnqvlqxh0000gn/T/rust_mozprofile.hjgbcqQduLyR"
1505680517791	addons.xpi	WARN	Error parsing extensions state: [Exception... "Component returned failure code: 0x80520012 (NS_ERROR_FILE_NOT_FOUND) [amIAddonManagerStartup.readStartupData]"  nsresult: "0x80520012 (NS_ERROR_FILE_NOT_FOUND)"  location: "JS frame :: resource://gre/modules/addons/XPIProvider.jsm :: loadExtensionState :: line 1596"  data: no] Stack trace: loadExtensionState()@resource://gre/modules/addons/XPIProvider.jsm:1596 < getInstallState()@resource://gre/modules/addons/XPIProvider.jsm:1631 < checkForChanges()@resource://gre/modules/addons/XPIProvider.jsm:3152 < startup()@resource://gre/modules/addons/XPIProvider.jsm:2246 < callProvider()@resource://gre/modules/AddonManager.jsm:271 < _startProvider()@resource://gre/modules/AddonManager.jsm:741 < startup()@resource://gre/modules/AddonManager.jsm:908 < startup()@resource://gre/modules/AddonManager.jsm:3122 < observe()@jar:file:///Applications/Firefox.app/Contents/Resources/omni.ja!/components/addonManager.js:65
1505680518207	Marionette	INFO	Enabled via --marionette
2017-09-17 16:35:19.819 plugin-container[6823:1464120] *** CFMessagePort: bootstrap_register(): failed 1100 (0x44c) 'Permission denied', port = 0xa33b, name = 'com.apple.tsm.portname'
See /usr/include/servers/bootstrap_defs.h for the error codes.
2017-09-17 16:35:19.822 plugin-container[6823:1464120] *** CFMessagePort: bootstrap_register(): failed 1100 (0x44c) 'Permission denied', port = 0xa603, name = 'com.apple.CFPasteboardClient'
See /usr/include/servers/bootstrap_defs.h for the error codes.
1505680520075	Marionette	INFO	Listening on port 58542
JavaScript error: chrome://marionette/content/server.js, line 337: NS_ERROR_SOCKET_ADDRESS_IN_USE: Component returned failure code: 0x804b0036 (NS_ERROR_SOCKET_ADDRESS_IN_USE) [nsIServerSocket.initSpecialConnection]
1505680520177	Marionette	WARN	TLS certificate errors will be ignored for this session
1505680520220	Marionette	DEBUG	loaded listener.js
1505680520242	Marionette	DEBUG	Received DOM event "beforeunload" for "about:blank"
1505680520259	Marionette	DEBUG	Received DOM event "pagehide" for "about:blank"
1505680520259	Marionette	DEBUG	Received DOM event "unload" for "about:blank"
1505680520649	Marionette	DEBUG	Received DOM event "DOMContentLoaded" for "http://localhost:8080/"
1505680520652	Marionette	DEBUG	Received DOM event "pageshow" for "http://localhost:8080/"
1505680522736	Marionette	INFO	New connections will no longer be accepted
1505680642176	geckodriver	INFO	geckodriver 0.19.0
1505680642180	geckodriver	INFO	Listening on 127.0.0.1:58631
1505680643241	mozrunner::runner	INFO	Running command: "/Applications/Firefox.app/Contents/MacOS/firefox-bin" "-marionette" "-profile" "/var/folders/2l/vptyl1v507zcfqhdfnqvlqxh0000gn/T/rust_mozprofile.cdfNDJqKOoXC"
1505680643527	addons.xpi	WARN	Error parsing extensions state: [Exception... "Component returned failure code: 0x80520012 (NS_ERROR_FILE_NOT_FOUND) [amIAddonManagerStartup.readStartupData]"  nsresult: "0x80520012 (NS_ERROR_FILE_NOT_FOUND)"  location: "JS frame :: resource://gre/modules/addons/XPIProvider.jsm :: loadExtensionState :: line 1596"  data: no] Stack trace: loadExtensionState()@resource://gre/modules/addons/XPIProvider.jsm:1596 < getInstallState()@resource://gre/modules/addons/XPIProvider.jsm:1631 < checkForChanges()@resource://gre/modules/addons/XPIProvider.jsm:3152 < startup()@resource://gre/modules/addons/XPIProvider.jsm:2246 < callProvider()@resource://gre/modules/AddonManager.jsm:271 < _startProvider()@resource://gre/modules/AddonManager.jsm:741 < startup()@resource://gre/modules/AddonManager.jsm:908 < startup()@resource://gre/modules/AddonManager.jsm:3122 < observe()@jar:file:///Applications/Firefox.app/Contents/Resources/omni.ja!/components/addonManager.js:65
1505680643888	Marionette	INFO	Enabled via --marionette
2017-09-17 16:37:25.240 plugin-container[6849:1467211] *** CFMessagePort: bootstrap_register(): failed 1100 (0x44c) 'Permission denied', port = 0xa33b, name = 'com.apple.tsm.portname'
See /usr/include/servers/bootstrap_defs.h for the error codes.
2017-09-17 16:37:25.245 plugin-container[6849:1467211] *** CFMessagePort: bootstrap_register(): failed 1100 (0x44c) 'Permission denied', port = 0xa607, name = 'com.apple.CFPasteboardClient'
See /usr/include/servers/bootstrap_defs.h for the error codes.
1505680645459	Marionette	INFO	Listening on port 58640
JavaScript error: chrome://marionette/content/server.js, line 337: NS_ERROR_SOCKET_ADDRESS_IN_USE: Component returned failure code: 0x804b0036 (NS_ERROR_SOCKET_ADDRESS_IN_USE) [nsIServerSocket.initSpecialConnection]
1505680645544	Marionette	WARN	TLS certificate errors will be ignored for this session
1505680645580	Marionette	DEBUG	loaded listener.js
1505680645601	Marionette	DEBUG	Received DOM event "beforeunload" for "about:blank"
1505680645806	Marionette	DEBUG	Received DOM event "pagehide" for "about:blank"
1505680645807	Marionette	DEBUG	Received DOM event "unload" for "about:blank"
1505680646207	Marionette	DEBUG	Received DOM event "DOMContentLoaded" for "http://localhost:8080/"
1505680646209	Marionette	DEBUG	Received DOM event "pageshow" for "http://localhost:8080/"
1505680649277	Marionette	INFO	New connections will no longer be accepted
1505680660740	geckodriver	INFO	geckodriver 0.19.0
1505680660745	geckodriver	INFO	Listening on 127.0.0.1:58713
1505680661807	mozrunner::runner	INFO	Running command: "/Applications/Firefox.app/Contents/MacOS/firefox-bin" "-marionette" "-profile" "/var/folders/2l/vptyl1v507zcfqhdfnqvlqxh0000gn/T/rust_mozprofile.OnYEttLEtP90"
1505680662176	addons.xpi	WARN	Error parsing extensions state: [Exception... "Component returned failure code: 0x80520012 (NS_ERROR_FILE_NOT_FOUND) [amIAddonManagerStartup.readStartupData]"  nsresult: "0x80520012 (NS_ERROR_FILE_NOT_FOUND)"  location: "JS frame :: resource://gre/modules/addons/XPIProvider.jsm :: loadExtensionState :: line 1596"  data: no] Stack trace: loadExtensionState()@resource://gre/modules/addons/XPIProvider.jsm:1596 < getInstallState()@resource://gre/modules/addons/XPIProvider.jsm:1631 < checkForChanges()@resource://gre/modules/addons/XPIProvider.jsm:3152 < startup()@resource://gre/modules/addons/XPIProvider.jsm:2246 < callProvider()@resource://gre/modules/AddonManager.jsm:271 < _startProvider()@resource://gre/modules/AddonManager.jsm:741 < startup()@resource://gre/modules/AddonManager.jsm:908 < startup()@resource://gre/modules/AddonManager.jsm:3122 < observe()@jar:file:///Applications/Firefox.app/Contents/Resources/omni.ja!/components/addonManager.js:65
1505680662527	Marionette	INFO	Enabled via --marionette
2017-09-17 16:37:43.883 plugin-container[6856:1468166] *** CFMessagePort: bootstrap_register(): failed 1100 (0x44c) 'Permission denied', port = 0xa43b, name = 'com.apple.tsm.portname'
See /usr/include/servers/bootstrap_defs.h for the error codes.
2017-09-17 16:37:43.886 plugin-container[6856:1468166] *** CFMessagePort: bootstrap_register(): failed 1100 (0x44c) 'Permission denied', port = 0xa703, name = 'com.apple.CFPasteboardClient'
See /usr/include/servers/bootstrap_defs.h for the error codes.
1505680664068	Marionette	INFO	Listening on port 58722
JavaScript error: chrome://marionette/content/server.js, line 337: NS_ERROR_SOCKET_ADDRESS_IN_USE: Component returned failure code: 0x804b0036 (NS_ERROR_SOCKET_ADDRESS_IN_USE) [nsIServerSocket.initSpecialConnection]
1505680664098	Marionette	WARN	TLS certificate errors will be ignored for this session
1505680664139	Marionette	DEBUG	loaded listener.js
1505680664160	Marionette	DEBUG	Received DOM event "beforeunload" for "about:blank"
1505680664175	Marionette	DEBUG	Received DOM event "pagehide" for "about:blank"
1505680664175	Marionette	DEBUG	Received DOM event "unload" for "about:blank"
1505680664545	Marionette	DEBUG	Received DOM event "DOMContentLoaded" for "http://localhost:8080/"
1505680664556	Marionette	DEBUG	Received DOM event "pageshow" for "http://localhost:8080/"
1505680667620	Marionette	INFO	New connections will no longer be accepted
1505680704993	geckodriver	INFO	geckodriver 0.19.0
1505680704998	geckodriver	INFO	Listening on 127.0.0.1:58797
1505680706056	mozrunner::runner	INFO	Running command: "/Applications/Firefox.app/Contents/MacOS/firefox-bin" "-marionette" "-profile" "/var/folders/2l/vptyl1v507zcfqhdfnqvlqxh0000gn/T/rust_mozprofile.C5AeE1hOLdDm"
1505680706334	addons.xpi	WARN	Error parsing extensions state: [Exception... "Component returned failure code: 0x80520012 (NS_ERROR_FILE_NOT_FOUND) [amIAddonManagerStartup.readStartupData]"  nsresult: "0x80520012 (NS_ERROR_FILE_NOT_FOUND)"  location: "JS frame :: resource://gre/modules/addons/XPIProvider.jsm :: loadExtensionState :: line 1596"  data: no] Stack trace: loadExtensionState()@resource://gre/modules/addons/XPIProvider.jsm:1596 < getInstallState()@resource://gre/modules/addons/XPIProvider.jsm:1631 < checkForChanges()@resource://gre/modules/addons/XPIProvider.jsm:3152 < startup()@resource://gre/modules/addons/XPIProvider.jsm:2246 < callProvider()@resource://gre/modules/AddonManager.jsm:271 < _startProvider()@resource://gre/modules/AddonManager.jsm:741 < startup()@resource://gre/modules/AddonManager.jsm:908 < startup()@resource://gre/modules/AddonManager.jsm:3122 < observe()@jar:file:///Applications/Firefox.app/Contents/Resources/omni.ja!/components/addonManager.js:65
1505680706686	Marionette	INFO	Enabled via --marionette
1505680708171	Marionette	INFO	Listening on port 58806
JavaScript error: chrome://marionette/content/server.js, line 337: NS_ERROR_SOCKET_ADDRESS_IN_USE: Component returned failure code: 0x804b0036 (NS_ERROR_SOCKET_ADDRESS_IN_USE) [nsIServerSocket.initSpecialConnection]
1505680708256	Marionette	WARN	TLS certificate errors will be ignored for this session
2017-09-17 16:38:28.274 plugin-container[6879:1469526] *** CFMessagePort: bootstrap_register(): failed 1100 (0x44c) 'Permission denied', port = 0xa33b, name = 'com.apple.tsm.portname'
See /usr/include/servers/bootstrap_defs.h for the error codes.
2017-09-17 16:38:28.278 plugin-container[6879:1469526] *** CFMessagePort: bootstrap_register(): failed 1100 (0x44c) 'Permission denied', port = 0xa603, name = 'com.apple.CFPasteboardClient'
See /usr/include/servers/bootstrap_defs.h for the error codes.
1505680708318	Marionette	DEBUG	loaded listener.js
1505680708340	Marionette	DEBUG	Received DOM event "beforeunload" for "about:blank"
1505680708513	Marionette	DEBUG	Received DOM event "pagehide" for "about:blank"
1505680708514	Marionette	DEBUG	Received DOM event "unload" for "about:blank"
1505680708994	Marionette	DEBUG	Received DOM event "DOMContentLoaded" for "http://localhost:8080/"
1505680709004	Marionette	DEBUG	Received DOM event "pageshow" for "http://localhost:8080/"
1505680712070	Marionette	INFO	New connections will no longer be accepted
1505680811827	geckodriver	INFO	geckodriver 0.19.0
1505680811831	geckodriver	INFO	Listening on 127.0.0.1:58877
1505680812892	mozrunner::runner	INFO	Running command: "/Applications/Firefox.app/Contents/MacOS/firefox-bin" "-marionette" "-profile" "/var/folders/2l/vptyl1v507zcfqhdfnqvlqxh0000gn/T/rust_mozprofile.qOj7cF22y4g7"
1505680813179	addons.xpi	WARN	Error parsing extensions state: [Exception... "Component returned failure code: 0x80520012 (NS_ERROR_FILE_NOT_FOUND) [amIAddonManagerStartup.readStartupData]"  nsresult: "0x80520012 (NS_ERROR_FILE_NOT_FOUND)"  location: "JS frame :: resource://gre/modules/addons/XPIProvider.jsm :: loadExtensionState :: line 1596"  data: no] Stack trace: loadExtensionState()@resource://gre/modules/addons/XPIProvider.jsm:1596 < getInstallState()@resource://gre/modules/addons/XPIProvider.jsm:1631 < checkForChanges()@resource://gre/modules/addons/XPIProvider.jsm:3152 < startup()@resource://gre/modules/addons/XPIProvider.jsm:2246 < callProvider()@resource://gre/modules/AddonManager.jsm:271 < _startProvider()@resource://gre/modules/AddonManager.jsm:741 < startup()@resource://gre/modules/AddonManager.jsm:908 < startup()@resource://gre/modules/AddonManager.jsm:3122 < observe()@jar:file:///Applications/Firefox.app/Contents/Resources/omni.ja!/components/addonManager.js:65
1505680813544	Marionette	INFO	Enabled via --marionette
2017-09-17 16:40:14.849 plugin-container[6890:1471534] *** CFMessagePort: bootstrap_register(): failed 1100 (0x44c) 'Permission denied', port = 0xa13b, name = 'com.apple.tsm.portname'
See /usr/include/servers/bootstrap_defs.h for the error codes.
2017-09-17 16:40:14.854 plugin-container[6890:1471534] *** CFMessagePort: bootstrap_register(): failed 1100 (0x44c) 'Permission denied', port = 0xa403, name = 'com.apple.CFPasteboardClient'
See /usr/include/servers/bootstrap_defs.h for the error codes.
1505680815033	Marionette	INFO	Listening on port 58886
JavaScript error: chrome://marionette/content/server.js, line 337: NS_ERROR_SOCKET_ADDRESS_IN_USE: Component returned failure code: 0x804b0036 (NS_ERROR_SOCKET_ADDRESS_IN_USE) [nsIServerSocket.initSpecialConnection]
1505680815091	Marionette	WARN	TLS certificate errors will be ignored for this session
1505680815131	Marionette	DEBUG	loaded listener.js
1505680815153	Marionette	DEBUG	Received DOM event "beforeunload" for "about:blank"
1505680815171	Marionette	DEBUG	Received DOM event "pagehide" for "about:blank"
1505680815172	Marionette	DEBUG	Received DOM event "unload" for "about:blank"
1505680815554	Marionette	DEBUG	Received DOM event "DOMContentLoaded" for "http://localhost:8080/"
1505680815562	Marionette	DEBUG	Received DOM event "pageshow" for "http://localhost:8080/"
1505680818630	Marionette	INFO	New connections will no longer be accepted
1505680863197	geckodriver	INFO	geckodriver 0.19.0
1505680863201	geckodriver	INFO	Listening on 127.0.0.1:58962
1505680864260	mozrunner::runner	INFO	Running command: "/Applications/Firefox.app/Contents/MacOS/firefox-bin" "-marionette" "-profile" "/var/folders/2l/vptyl1v507zcfqhdfnqvlqxh0000gn/T/rust_mozprofile.EFixE4BUFRK7"
1505680864542	addons.xpi	WARN	Error parsing extensions state: [Exception... "Component returned failure code: 0x80520012 (NS_ERROR_FILE_NOT_FOUND) [amIAddonManagerStartup.readStartupData]"  nsresult: "0x80520012 (NS_ERROR_FILE_NOT_FOUND)"  location: "JS frame :: resource://gre/modules/addons/XPIProvider.jsm :: loadExtensionState :: line 1596"  data: no] Stack trace: loadExtensionState()@resource://gre/modules/addons/XPIProvider.jsm:1596 < getInstallState()@resource://gre/modules/addons/XPIProvider.jsm:1631 < checkForChanges()@resource://gre/modules/addons/XPIProvider.jsm:3152 < startup()@resource://gre/modules/addons/XPIProvider.jsm:2246 < callProvider()@resource://gre/modules/AddonManager.jsm:271 < _startProvider()@resource://gre/modules/AddonManager.jsm:741 < startup()@resource://gre/modules/AddonManager.jsm:908 < startup()@resource://gre/modules/AddonManager.jsm:3122 < observe()@jar:file:///Applications/Firefox.app/Contents/Resources/omni.ja!/components/addonManager.js:65
1505680864902	Marionette	INFO	Enabled via --marionette
2017-09-17 16:41:06.231 plugin-container[6904:1473272] *** CFMessagePort: bootstrap_register(): failed 1100 (0x44c) 'Permission denied', port = 0xa33b, name = 'com.apple.tsm.portname'
See /usr/include/servers/bootstrap_defs.h for the error codes.
2017-09-17 16:41:06.234 plugin-container[6904:1473272] *** CFMessagePort: bootstrap_register(): failed 1100 (0x44c) 'Permission denied', port = 0xa603, name = 'com.apple.CFPasteboardClient'
See /usr/include/servers/bootstrap_defs.h for the error codes.
1505680866407	Marionette	INFO	Listening on port 58971
JavaScript error: chrome://marionette/content/server.js, line 337: NS_ERROR_SOCKET_ADDRESS_IN_USE: Component returned failure code: 0x804b0036 (NS_ERROR_SOCKET_ADDRESS_IN_USE) [nsIServerSocket.initSpecialConnection]
1505680866452	Marionette	WARN	TLS certificate errors will be ignored for this session
1505680866488	Marionette	DEBUG	loaded listener.js
1505680866509	Marionette	DEBUG	Received DOM event "beforeunload" for "about:blank"
1505680866523	Marionette	DEBUG	Received DOM event "pagehide" for "about:blank"
1505680866523	Marionette	DEBUG	Received DOM event "unload" for "about:blank"
1505680866879	Marionette	DEBUG	Received DOM event "DOMContentLoaded" for "http://localhost:8080/"
1505680866881	Marionette	DEBUG	Received DOM event "pageshow" for "http://localhost:8080/"
1505680869938	Marionette	INFO	New connections will no longer be accepted
1505681038433	geckodriver	INFO	geckodriver 0.19.0
1505681038437	geckodriver	INFO	Listening on 127.0.0.1:59049
1505681039517	mozrunner::runner	INFO	Running command: "/Applications/Firefox.app/Contents/MacOS/firefox-bin" "-marionette" "-profile" "/var/folders/2l/vptyl1v507zcfqhdfnqvlqxh0000gn/T/rust_mozprofile.FQrPBbajek5n"
1505681039886	addons.xpi	WARN	Error parsing extensions state: [Exception... "Component returned failure code: 0x80520012 (NS_ERROR_FILE_NOT_FOUND) [amIAddonManagerStartup.readStartupData]"  nsresult: "0x80520012 (NS_ERROR_FILE_NOT_FOUND)"  location: "JS frame :: resource://gre/modules/addons/XPIProvider.jsm :: loadExtensionState :: line 1596"  data: no] Stack trace: loadExtensionState()@resource://gre/modules/addons/XPIProvider.jsm:1596 < getInstallState()@resource://gre/modules/addons/XPIProvider.jsm:1631 < checkForChanges()@resource://gre/modules/addons/XPIProvider.jsm:3152 < startup()@resource://gre/modules/addons/XPIProvider.jsm:2246 < callProvider()@resource://gre/modules/AddonManager.jsm:271 < _startProvider()@resource://gre/modules/AddonManager.jsm:741 < startup()@resource://gre/modules/AddonManager.jsm:908 < startup()@resource://gre/modules/AddonManager.jsm:3122 < observe()@jar:file:///Applications/Firefox.app/Contents/Resources/omni.ja!/components/addonManager.js:65
1505681040246	Marionette	INFO	Enabled via --marionette
2017-09-17 16:44:01.562 plugin-container[6928:1476866] *** CFMessagePort: bootstrap_register(): failed 1100 (0x44c) 'Permission denied', port = 0xa33b, name = 'com.apple.tsm.portname'
See /usr/include/servers/bootstrap_defs.h for the error codes.
2017-09-17 16:44:01.565 plugin-container[6928:1476866] *** CFMessagePort: bootstrap_register(): failed 1100 (0x44c) 'Permission denied', port = 0xa703, name = 'com.apple.CFPasteboardClient'
See /usr/include/servers/bootstrap_defs.h for the error codes.
1505681041755	Marionette	INFO	Listening on port 59058
JavaScript error: chrome://marionette/content/server.js, line 337: NS_ERROR_SOCKET_ADDRESS_IN_USE: Component returned failure code: 0x804b0036 (NS_ERROR_SOCKET_ADDRESS_IN_USE) [nsIServerSocket.initSpecialConnection]
1505681041809	Marionette	WARN	TLS certificate errors will be ignored for this session
1505681041847	Marionette	DEBUG	loaded listener.js
1505681041868	Marionette	DEBUG	Received DOM event "beforeunload" for "about:blank"
1505681041890	Marionette	DEBUG	Received DOM event "pagehide" for "about:blank"
1505681041890	Marionette	DEBUG	Received DOM event "unload" for "about:blank"
1505681042273	Marionette	DEBUG	Received DOM event "DOMContentLoaded" for "http://localhost:8080/"
1505681042282	Marionette	DEBUG	Received DOM event "pageshow" for "http://localhost:8080/"
1505681044583	Marionette	DEBUG	Canceled page load listener because no navigation has been detected
1505681044890	Marionette	DEBUG	Canceled page load listener because no navigation has been detected
1505681049205	Marionette	DEBUG	Canceled page load listener because no navigation has been detected
1505681050236	Marionette	INFO	New connections will no longer be accepted
1505681188469	geckodriver	INFO	geckodriver 0.19.0
1505681188474	geckodriver	INFO	Listening on 127.0.0.1:59162
1505681189553	mozrunner::runner	INFO	Running command: "/Applications/Firefox.app/Contents/MacOS/firefox-bin" "-marionette" "-profile" "/var/folders/2l/vptyl1v507zcfqhdfnqvlqxh0000gn/T/rust_mozprofile.EsQ6nC9x2dN5"
1505681189924	addons.xpi	WARN	Error parsing extensions state: [Exception... "Component returned failure code: 0x80520012 (NS_ERROR_FILE_NOT_FOUND) [amIAddonManagerStartup.readStartupData]"  nsresult: "0x80520012 (NS_ERROR_FILE_NOT_FOUND)"  location: "JS frame :: resource://gre/modules/addons/XPIProvider.jsm :: loadExtensionState :: line 1596"  data: no] Stack trace: loadExtensionState()@resource://gre/modules/addons/XPIProvider.jsm:1596 < getInstallState()@resource://gre/modules/addons/XPIProvider.jsm:1631 < checkForChanges()@resource://gre/modules/addons/XPIProvider.jsm:3152 < startup()@resource://gre/modules/addons/XPIProvider.jsm:2246 < callProvider()@resource://gre/modules/AddonManager.jsm:271 < _startProvider()@resource://gre/modules/AddonManager.jsm:741 < startup()@resource://gre/modules/AddonManager.jsm:908 < startup()@resource://gre/modules/AddonManager.jsm:3122 < observe()@jar:file:///Applications/Firefox.app/Contents/Resources/omni.ja!/components/addonManager.js:65
1505681190294	Marionette	INFO	Enabled via --marionette
1505681191821	Marionette	INFO	Listening on port 59171
1505681191862	Marionette	WARN	TLS certificate errors will be ignored for this session
JavaScript error: chrome://marionette/content/server.js, line 337: NS_ERROR_SOCKET_ADDRESS_IN_USE: Component returned failure code: 0x804b0036 (NS_ERROR_SOCKET_ADDRESS_IN_USE) [nsIServerSocket.initSpecialConnection]
1505681191927	Marionette	DEBUG	loaded listener.js
1505681191965	Marionette	DEBUG	Received DOM event "beforeunload" for "about:blank"
2017-09-17 16:46:32.018 plugin-container[6957:1479747] *** CFMessagePort: bootstrap_register(): failed 1100 (0x44c) 'Permission denied', port = 0xa33b, name = 'com.apple.tsm.portname'
See /usr/include/servers/bootstrap_defs.h for the error codes.
2017-09-17 16:46:32.025 plugin-container[6957:1479747] *** CFMessagePort: bootstrap_register(): failed 1100 (0x44c) 'Permission denied', port = 0xa703, name = 'com.apple.CFPasteboardClient'
See /usr/include/servers/bootstrap_defs.h for the error codes.
1505681192210	Marionette	DEBUG	Received DOM event "pagehide" for "about:blank"
1505681192210	Marionette	DEBUG	Received DOM event "unload" for "about:blank"
1505681192601	Marionette	DEBUG	Received DOM event "DOMContentLoaded" for "http://localhost:8080/"
1505681192605	Marionette	DEBUG	Received DOM event "pageshow" for "http://localhost:8080/"
1505681194938	Marionette	DEBUG	Canceled page load listener because no navigation has been detected
1505681195242	Marionette	DEBUG	Canceled page load listener because no navigation has been detected
1505681199568	Marionette	DEBUG	Canceled page load listener because no navigation has been detected
1505681202925	Marionette	DEBUG	Canceled page load listener because no navigation has been detected
1505681204019	Marionette	INFO	New connections will no longer be accepted
[GFX1-]: Receive IPC close with reason=AbnormalShutdown
1505681296864	geckodriver	INFO	geckodriver 0.19.0
1505681296868	geckodriver	INFO	Listening on 127.0.0.1:59280
1505681297925	mozrunner::runner	INFO	Running command: "/Applications/Firefox.app/Contents/MacOS/firefox-bin" "-marionette" "-profile" "/var/folders/2l/vptyl1v507zcfqhdfnqvlqxh0000gn/T/rust_mozprofile.4Hozl9pUDgI0"
1505681298220	addons.xpi	WARN	Error parsing extensions state: [Exception... "Component returned failure code: 0x80520012 (NS_ERROR_FILE_NOT_FOUND) [amIAddonManagerStartup.readStartupData]"  nsresult: "0x80520012 (NS_ERROR_FILE_NOT_FOUND)"  location: "JS frame :: resource://gre/modules/addons/XPIProvider.jsm :: loadExtensionState :: line 1596"  data: no] Stack trace: loadExtensionState()@resource://gre/modules/addons/XPIProvider.jsm:1596 < getInstallState()@resource://gre/modules/addons/XPIProvider.jsm:1631 < checkForChanges()@resource://gre/modules/addons/XPIProvider.jsm:3152 < startup()@resource://gre/modules/addons/XPIProvider.jsm:2246 < callProvider()@resource://gre/modules/AddonManager.jsm:271 < _startProvider()@resource://gre/modules/AddonManager.jsm:741 < startup()@resource://gre/modules/AddonManager.jsm:908 < startup()@resource://gre/modules/AddonManager.jsm:3122 < observe()@jar:file:///Applications/Firefox.app/Contents/Resources/omni.ja!/components/addonManager.js:65
1505681298589	Marionette	INFO	Enabled via --marionette
2017-09-17 16:48:19.950 plugin-container[6980:1481986] *** CFMessagePort: bootstrap_register(): failed 1100 (0x44c) 'Permission denied', port = 0xa23b, name = 'com.apple.tsm.portname'
See /usr/include/servers/bootstrap_defs.h for the error codes.
2017-09-17 16:48:19.954 plugin-container[6980:1481986] *** CFMessagePort: bootstrap_register(): failed 1100 (0x44c) 'Permission denied', port = 0xa503, name = 'com.apple.CFPasteboardClient'
See /usr/include/servers/bootstrap_defs.h for the error codes.
1505681300133	Marionette	INFO	Listening on port 59289
JavaScript error: chrome://marionette/content/server.js, line 337: NS_ERROR_SOCKET_ADDRESS_IN_USE: Component returned failure code: 0x804b0036 (NS_ERROR_SOCKET_ADDRESS_IN_USE) [nsIServerSocket.initSpecialConnection]
1505681300232	Marionette	WARN	TLS certificate errors will be ignored for this session
1505681300281	Marionette	DEBUG	loaded listener.js
1505681300303	Marionette	DEBUG	Received DOM event "beforeunload" for "about:blank"
1505681300463	Marionette	DEBUG	Received DOM event "pagehide" for "about:blank"
1505681300464	Marionette	DEBUG	Received DOM event "unload" for "about:blank"
1505681300912	Marionette	DEBUG	Received DOM event "DOMContentLoaded" for "http://localhost:8080/"
1505681300923	Marionette	DEBUG	Received DOM event "pageshow" for "http://localhost:8080/"
1505681303227	Marionette	DEBUG	Canceled page load listener because no navigation has been detected
1505681303536	Marionette	DEBUG	Canceled page load listener because no navigation has been detected
1505681307853	Marionette	DEBUG	Canceled page load listener because no navigation has been detected
1505681309240	Marionette	DEBUG	Canceled page load listener because no navigation has been detected
1505681312299	Marionette	INFO	New connections will no longer be accepted
1505682067913	geckodriver	INFO	geckodriver 0.19.0
1505682067918	geckodriver	INFO	Listening on 127.0.0.1:59455
1505682068984	mozrunner::runner	INFO	Running command: "/Applications/Firefox.app/Contents/MacOS/firefox-bin" "-marionette" "-profile" "/var/folders/2l/vptyl1v507zcfqhdfnqvlqxh0000gn/T/rust_mozprofile.1XOtJNwxWNnZ"
1505682069333	addons.xpi	WARN	Error parsing extensions state: [Exception... "Component returned failure code: 0x80520012 (NS_ERROR_FILE_NOT_FOUND) [amIAddonManagerStartup.readStartupData]"  nsresult: "0x80520012 (NS_ERROR_FILE_NOT_FOUND)"  location: "JS frame :: resource://gre/modules/addons/XPIProvider.jsm :: loadExtensionState :: line 1596"  data: no] Stack trace: loadExtensionState()@resource://gre/modules/addons/XPIProvider.jsm:1596 < getInstallState()@resource://gre/modules/addons/XPIProvider.jsm:1631 < checkForChanges()@resource://gre/modules/addons/XPIProvider.jsm:3152 < startup()@resource://gre/modules/addons/XPIProvider.jsm:2246 < callProvider()@resource://gre/modules/AddonManager.jsm:271 < _startProvider()@resource://gre/modules/AddonManager.jsm:741 < startup()@resource://gre/modules/AddonManager.jsm:908 < startup()@resource://gre/modules/AddonManager.jsm:3122 < observe()@jar:file:///Applications/Firefox.app/Contents/Resources/omni.ja!/components/addonManager.js:65
1505682069686	Marionette	INFO	Enabled via --marionette
1505682071265	Marionette	INFO	Listening on port 59464
1505682071322	Marionette	WARN	TLS certificate errors will be ignored for this session
2017-09-17 17:01:11.331 plugin-container[7034:1490312] *** CFMessagePort: bootstrap_register(): failed 1100 (0x44c) 'Permission denied', port = 0xa23b, name = 'com.apple.tsm.portname'
See /usr/include/servers/bootstrap_defs.h for the error codes.
2017-09-17 17:01:11.332 plugin-container[7034:1490312] *** CFMessagePort: bootstrap_register(): failed 1100 (0x44c) 'Permission denied', port = 0xa503, name = 'com.apple.CFPasteboardClient'
See /usr/include/servers/bootstrap_defs.h for the error codes.
JavaScript error: chrome://marionette/content/server.js, line 337: NS_ERROR_SOCKET_ADDRESS_IN_USE: Component returned failure code: 0x804b0036 (NS_ERROR_SOCKET_ADDRESS_IN_USE) [nsIServerSocket.initSpecialConnection]
1505682071376	Marionette	DEBUG	loaded listener.js
1505682071400	Marionette	DEBUG	Received DOM event "beforeunload" for "about:blank"
1505682071571	Marionette	DEBUG	Received DOM event "pagehide" for "about:blank"
1505682071571	Marionette	DEBUG	Received DOM event "unload" for "about:blank"
1505682071988	Marionette	DEBUG	Received DOM event "DOMContentLoaded" for "http://localhost:8080/"
1505682072001	Marionette	DEBUG	Received DOM event "pageshow" for "http://localhost:8080/"
1505682074331	Marionette	DEBUG	Canceled page load listener because no navigation has been detected
1505682074638	Marionette	DEBUG	Canceled page load listener because no navigation has been detected
1505682078957	Marionette	DEBUG	Canceled page load listener because no navigation has been detected
1505682080339	Marionette	DEBUG	Canceled page load listener because no navigation has been detected
1505682083391	Marionette	INFO	New connections will no longer be accepted
1505682259434	geckodriver	INFO	geckodriver 0.19.0
1505682259438	geckodriver	INFO	Listening on 127.0.0.1:59574
1505682260493	mozrunner::runner	INFO	Running command: "/Applications/Firefox.app/Contents/MacOS/firefox-bin" "-marionette" "-profile" "/var/folders/2l/vptyl1v507zcfqhdfnqvlqxh0000gn/T/rust_mozprofile.mxYexQsfgFSZ"
1505682260854	addons.xpi	WARN	Error parsing extensions state: [Exception... "Component returned failure code: 0x80520012 (NS_ERROR_FILE_NOT_FOUND) [amIAddonManagerStartup.readStartupData]"  nsresult: "0x80520012 (NS_ERROR_FILE_NOT_FOUND)"  location: "JS frame :: resource://gre/modules/addons/XPIProvider.jsm :: loadExtensionState :: line 1596"  data: no] Stack trace: loadExtensionState()@resource://gre/modules/addons/XPIProvider.jsm:1596 < getInstallState()@resource://gre/modules/addons/XPIProvider.jsm:1631 < checkForChanges()@resource://gre/modules/addons/XPIProvider.jsm:3152 < startup()@resource://gre/modules/addons/XPIProvider.jsm:2246 < callProvider()@resource://gre/modules/AddonManager.jsm:271 < _startProvider()@resource://gre/modules/AddonManager.jsm:741 < startup()@resource://gre/modules/AddonManager.jsm:908 < startup()@resource://gre/modules/AddonManager.jsm:3122 < observe()@jar:file:///Applications/Firefox.app/Contents/Resources/omni.ja!/components/addonManager.js:65
1505682261224	Marionette	INFO	Enabled via --marionette
2017-09-17 17:04:22.576 plugin-container[7049:1492755] *** CFMessagePort: bootstrap_register(): failed 1100 (0x44c) 'Permission denied', port = 0xa33b, name = 'com.apple.tsm.portname'
See /usr/include/servers/bootstrap_defs.h for the error codes.
2017-09-17 17:04:22.577 plugin-container[7049:1492755] *** CFMessagePort: bootstrap_register(): failed 1100 (0x44c) 'Permission denied', port = 0xa603, name = 'com.apple.CFPasteboardClient'
See /usr/include/servers/bootstrap_defs.h for the error codes.
1505682262830	Marionette	INFO	Listening on port 59583
JavaScript error: chrome://marionette/content/server.js, line 337: NS_ERROR_SOCKET_ADDRESS_IN_USE: Component returned failure code: 0x804b0036 (NS_ERROR_SOCKET_ADDRESS_IN_USE) [nsIServerSocket.initSpecialConnection]
1505682262890	Marionette	WARN	TLS certificate errors will be ignored for this session
1505682262927	Marionette	DEBUG	loaded listener.js
1505682262948	Marionette	DEBUG	Received DOM event "beforeunload" for "about:blank"
1505682262964	Marionette	DEBUG	Received DOM event "pagehide" for "about:blank"
1505682262964	Marionette	DEBUG	Received DOM event "unload" for "about:blank"
1505682263367	Marionette	DEBUG	Received DOM event "DOMContentLoaded" for "http://localhost:8080/"
1505682263378	Marionette	DEBUG	Received DOM event "pageshow" for "http://localhost:8080/"
1505682265771	Marionette	DEBUG	Canceled page load listener because no navigation has been detected
1505682266067	Marionette	DEBUG	Canceled page load listener because no navigation has been detected
1505682271436	Marionette	DEBUG	Canceled page load listener because no navigation has been detected
1505682272804	Marionette	DEBUG	Canceled page load listener because no navigation has been detected
1505682276871	Marionette	INFO	New connections will no longer be accepted
[GFX1-]: Receive IPC close with reason=AbnormalShutdown
1505682307732	geckodriver	INFO	geckodriver 0.19.0
1505682307736	geckodriver	INFO	Listening on 127.0.0.1:59707
1505682308800	mozrunner::runner	INFO	Running command: "/Applications/Firefox.app/Contents/MacOS/firefox-bin" "-marionette" "-profile" "/var/folders/2l/vptyl1v507zcfqhdfnqvlqxh0000gn/T/rust_mozprofile.844krZYB8MtP"
1505682309082	addons.xpi	WARN	Error parsing extensions state: [Exception... "Component returned failure code: 0x80520012 (NS_ERROR_FILE_NOT_FOUND) [amIAddonManagerStartup.readStartupData]"  nsresult: "0x80520012 (NS_ERROR_FILE_NOT_FOUND)"  location: "JS frame :: resource://gre/modules/addons/XPIProvider.jsm :: loadExtensionState :: line 1596"  data: no] Stack trace: loadExtensionState()@resource://gre/modules/addons/XPIProvider.jsm:1596 < getInstallState()@resource://gre/modules/addons/XPIProvider.jsm:1631 < checkForChanges()@resource://gre/modules/addons/XPIProvider.jsm:3152 < startup()@resource://gre/modules/addons/XPIProvider.jsm:2246 < callProvider()@resource://gre/modules/AddonManager.jsm:271 < _startProvider()@resource://gre/modules/AddonManager.jsm:741 < startup()@resource://gre/modules/AddonManager.jsm:908 < startup()@resource://gre/modules/AddonManager.jsm:3122 < observe()@jar:file:///Applications/Firefox.app/Contents/Resources/omni.ja!/components/addonManager.js:65
1505682309444	Marionette	INFO	Enabled via --marionette
2017-09-17 17:05:10.787 plugin-container[7073:1493821] *** CFMessagePort: bootstrap_register(): failed 1100 (0x44c) 'Permission denied', port = 0xa237, name = 'com.apple.tsm.portname'
See /usr/include/servers/bootstrap_defs.h for the error codes.
2017-09-17 17:05:10.791 plugin-container[7073:1493821] *** CFMessagePort: bootstrap_register(): failed 1100 (0x44c) 'Permission denied', port = 0xa503, name = 'com.apple.CFPasteboardClient'
See /usr/include/servers/bootstrap_defs.h for the error codes.
1505682310983	Marionette	INFO	Listening on port 59716
1505682311001	Marionette	WARN	TLS certificate errors will be ignored for this session
JavaScript error: chrome://marionette/content/server.js, line 337: NS_ERROR_SOCKET_ADDRESS_IN_USE: Component returned failure code: 0x804b0036 (NS_ERROR_SOCKET_ADDRESS_IN_USE) [nsIServerSocket.initSpecialConnection]
1505682311047	Marionette	DEBUG	loaded listener.js
1505682311072	Marionette	DEBUG	Received DOM event "beforeunload" for "about:blank"
1505682311245	Marionette	DEBUG	Received DOM event "pagehide" for "about:blank"
1505682311246	Marionette	DEBUG	Received DOM event "unload" for "about:blank"
1505682311623	Marionette	DEBUG	Received DOM event "DOMContentLoaded" for "http://localhost:8080/"
1505682311635	Marionette	DEBUG	Received DOM event "pageshow" for "http://localhost:8080/"
1505682313932	Marionette	DEBUG	Canceled page load listener because no navigation has been detected
1505682314237	Marionette	DEBUG	Canceled page load listener because no navigation has been detected
1505682318551	Marionette	DEBUG	Canceled page load listener because no navigation has been detected
1505682319931	Marionette	DEBUG	Canceled page load listener because no navigation has been detected
1505682322984	Marionette	INFO	New connections will no longer be accepted
[GFX1-]: Receive IPC close with reason=AbnormalShutdown
